# JRE version: OpenJDK Runtime Environment (8.0_152-b02) (build 1.8.0_152-release-1024-b02)
# Java VM: OpenJDK 64-Bit Server VM (25.152-b02 mixed mode windows-amd64 compressed oops)
Heap:
 par new generation   total 153344K, used 18870K [0x00000000b0000000, 0x00000000ba660000, 0x00000000ba660000)
  eden space 136320K,   1% used [0x00000000b0000000, 0x00000000b01cd918, 0x00000000b8520000)
  from space 17024K, 100% used [0x00000000b95c0000, 0x00000000ba660000, 0x00000000ba660000)
  to   space 17024K,   0% used [0x00000000b8520000, 0x00000000b8520000, 0x00000000b95c0000)
 concurrent mark-sweep generation total 144432K, used 133579K [0x00000000ba660000, 0x00000000c336c000, 0x0000000100000000)
 Metaspace       used 174023K, capacity 182546K, committed 182752K, reserved 1206272K
  class space    used 25133K, capacity 26759K, committed 26848K, reserved 1048576K
GC Heap History (10 events):
Event: 701.689 GC heap before
{Heap before GC invocations=40 (full 12):
 par new generation   total 153344K, used 136470K [0x00000000b0000000, 0x00000000ba660000, 0x00000000ba660000)
  eden space 136320K, 100% used [0x00000000b0000000, 0x00000000b8520000, 0x00000000b8520000)
  from space 17024K,   0% used [0x00000000b8520000, 0x00000000b8545948, 0x00000000b95c0000)
  to   space 17024K,   0% used [0x00000000b95c0000, 0x00000000b95c0000, 0x00000000ba660000)
 concurrent mark-sweep generation total 144432K, used 110683K [0x00000000ba660000, 0x00000000c336c000, 0x0000000100000000)
 Metaspace       used 161079K, capacity 168966K, committed 169056K, reserved 1193984K
  class space    used 22918K, capacity 24401K, committed 24416K, reserved 1048576K
Event: 701.694 GC heap after
Heap after GC invocations=41 (full 12):
 par new generation   total 153344K, used 167K [0x00000000b0000000, 0x00000000ba660000, 0x00000000ba660000)
  eden space 136320K,   0% used [0x00000000b0000000, 0x00000000b0000000, 0x00000000b8520000)
  from space 17024K,   0% used [0x00000000b95c0000, 0x00000000b95e9f40, 0x00000000ba660000)
  to   space 17024K,   0% used [0x00000000b8520000, 0x00000000b8520000, 0x00000000b95c0000)
 concurrent mark-sweep generation total 144432K, used 110683K [0x00000000ba660000, 0x00000000c336c000, 0x0000000100000000)
 Metaspace       used 161079K, capacity 168966K, committed 169056K, reserved 1193984K
  class space    used 22918K, capacity 24401K, committed 24416K, reserved 1048576K
}
Event: 759.842 GC heap before
{Heap before GC invocations=41 (full 12):
 par new generation   total 153344K, used 136454K [0x00000000b0000000, 0x00000000ba660000, 0x00000000ba660000)
  eden space 136320K,  99% used [0x00000000b0000000, 0x00000000b8517900, 0x00000000b8520000)
  from space 17024K,   0% used [0x00000000b95c0000, 0x00000000b95e9f40, 0x00000000ba660000)
  to   space 17024K,   0% used [0x00000000b8520000, 0x00000000b8520000, 0x00000000b95c0000)
 concurrent mark-sweep generation total 144432K, used 110683K [0x00000000ba660000, 0x00000000c336c000, 0x0000000100000000)
 Metaspace       used 161520K, capacity 169488K, committed 169696K, reserved 1193984K
  class space    used 22964K, capacity 24478K, committed 24544K, reserved 1048576K
Event: 759.847 GC heap after
Heap after GC invocations=42 (full 12):
 par new generation   total 153344K, used 752K [0x00000000b0000000, 0x00000000ba660000, 0x00000000ba660000)
  eden space 136320K,   0% used [0x00000000b0000000, 0x00000000b0000000, 0x00000000b8520000)
  from space 17024K,   4% used [0x00000000b8520000, 0x00000000b85dc2f0, 0x00000000b95c0000)
  to   space 17024K,   0% used [0x00000000b95c0000, 0x00000000b95c0000, 0x00000000ba660000)
 concurrent mark-sweep generation total 144432K, used 110683K [0x00000000ba660000, 0x00000000c336c000, 0x0000000100000000)
 Metaspace       used 161520K, capacity 169488K, committed 169696K, reserved 1193984K
  class space    used 22964K, capacity 24478K, committed 24544K, reserved 1048576K
}
Event: 810.390 GC heap before
{Heap before GC invocations=42 (full 12):
 par new generation   total 153344K, used 137072K [0x00000000b0000000, 0x00000000ba660000, 0x00000000ba660000)
  eden space 136320K, 100% used [0x00000000b0000000, 0x00000000b8520000, 0x00000000b8520000)
  from space 17024K,   4% used [0x00000000b8520000, 0x00000000b85dc2f0, 0x00000000b95c0000)
  to   space 17024K,   0% used [0x00000000b95c0000, 0x00000000b95c0000, 0x00000000ba660000)
 concurrent mark-sweep generation total 144432K, used 110683K [0x00000000ba660000, 0x00000000c336c000, 0x0000000100000000)
 Metaspace       used 163618K, capacity 171822K, committed 172000K, reserved 1196032K
  class space    used 23207K, capacity 24725K, committed 24800K, reserved 1048576K
Event: 810.405 GC heap after
Heap after GC invocations=43 (full 12):
 par new generation   total 153344K, used 7151K [0x00000000b0000000, 0x00000000ba660000, 0x00000000ba660000)
  eden space 136320K,   0% used [0x00000000b0000000, 0x00000000b0000000, 0x00000000b8520000)
  from space 17024K,  42% used [0x00000000b95c0000, 0x00000000b9cbbf60, 0x00000000ba660000)
  to   space 17024K,   0% used [0x00000000b8520000, 0x00000000b8520000, 0x00000000b95c0000)
 concurrent mark-sweep generation total 144432K, used 110683K [0x00000000ba660000, 0x00000000c336c000, 0x0000000100000000)
 Metaspace       used 163618K, capacity 171822K, committed 172000K, reserved 1196032K
  class space    used 23207K, capacity 24725K, committed 24800K, reserved 1048576K
}
Event: 833.388 GC heap before
{Heap before GC invocations=43 (full 12):
 par new generation   total 153344K, used 143471K [0x00000000b0000000, 0x00000000ba660000, 0x00000000ba660000)
  eden space 136320K, 100% used [0x00000000b0000000, 0x00000000b8520000, 0x00000000b8520000)
  from space 17024K,  42% used [0x00000000b95c0000, 0x00000000b9cbbf60, 0x00000000ba660000)
  to   space 17024K,   0% used [0x00000000b8520000, 0x00000000b8520000, 0x00000000b95c0000)
 concurrent mark-sweep generation total 144432K, used 110683K [0x00000000ba660000, 0x00000000c336c000, 0x0000000100000000)
 Metaspace       used 169729K, capacity 178060K, committed 178272K, reserved 1202176K
  class space    used 24280K, capacity 25844K, committed 25952K, reserved 1048576K
Event: 833.416 GC heap after
Heap after GC invocations=44 (full 12):
 par new generation   total 153344K, used 17024K [0x00000000b0000000, 0x00000000ba660000, 0x00000000ba660000)
  eden space 136320K,   0% used [0x00000000b0000000, 0x00000000b0000000, 0x00000000b8520000)
  from space 17024K, 100% used [0x00000000b8520000, 0x00000000b95c0000, 0x00000000b95c0000)
  to   space 17024K,   0% used [0x00000000b95c0000, 0x00000000b95c0000, 0x00000000ba660000)
 concurrent mark-sweep generation total 144432K, used 116886K [0x00000000ba660000, 0x00000000c336c000, 0x0000000100000000)
 Metaspace       used 169729K, capacity 178060K, committed 178272K, reserved 1202176K
  class space    used 24280K, capacity 25844K, committed 25952K, reserved 1048576K
}
Event: 848.192 GC heap before
{Heap before GC invocations=44 (full 12):
 par new generation   total 153344K, used 153344K [0x00000000b0000000, 0x00000000ba660000, 0x00000000ba660000)
  eden space 136320K, 100% used [0x00000000b0000000, 0x00000000b8520000, 0x00000000b8520000)
  from space 17024K, 100% used [0x00000000b8520000, 0x00000000b95c0000, 0x00000000b95c0000)
  to   space 17024K,   0% used [0x00000000b95c0000, 0x00000000b95c0000, 0x00000000ba660000)
 concurrent mark-sweep generation total 144432K, used 116886K [0x00000000ba660000, 0x00000000c336c000, 0x0000000100000000)
 Metaspace       used 174016K, capacity 182546K, committed 182752K, reserved 1206272K
  class space    used 25133K, capacity 26759K, committed 26848K, reserved 1048576K
Event: 848.243 GC heap after
Heap after GC invocations=45 (full 12):
 par new generation   total 153344K, used 17024K [0x00000000b0000000, 0x00000000ba660000, 0x00000000ba660000)
  eden space 136320K,   0% used [0x00000000b0000000, 0x00000000b0000000, 0x00000000b8520000)
  from space 17024K, 100% used [0x00000000b95c0000, 0x00000000ba660000, 0x00000000ba660000)
  to   space 17024K,   0% used [0x00000000b8520000, 0x00000000b8520000, 0x00000000b95c0000)
 concurrent mark-sweep generation total 144432K, used 133579K [0x00000000ba660000, 0x00000000c336c000, 0x0000000100000000)
 Metaspace       used 174016K, capacity 182546K, committed 182752K, reserved 1206272K
  class space    used 25133K, capacity 26759K, committed 26848K, reserved 1048576K
}

